# JRE version: OpenJDK Runtime Environment (17.0.5+1) (build 17.0.5+1)
# Java VM: OpenJDK 64-Bit Server VM (17.0.5+1, mixed mode, tiered, compressed oops, compressed class ptrs, g1 gc, linux-amd64)
GC Precious Log:
 CPUs: 32 total, 16 available
 Memory: 15916M
 Large Page Support: Disabled
 NUMA Support: Disabled
 Compressed Oops: Enabled (32-bit)
 Heap Region Size: 1M
 Heap Min Capacity: 256M
 Heap Initial Capacity: 256M
 Heap Max Capacity: 512M
 Pre-touch: Disabled
 Parallel Workers: 13
 Concurrent Workers: 3
 Concurrent Refinement Workers: 13
 Periodic GC: Disabled
Heap:
 garbage-first heap   total 262144K, used 148285K [0x00000000e0000000, 0x0000000100000000)
  region size 1024K, 8 young (8192K), 5 survivors (5120K)
 Metaspace       used 74624K, committed 75264K, reserved 278528K
  class space    used 9738K, committed 10048K, reserved 212992K
GC Heap History (18 events):
Event: 0.249 GC heap before
{Heap before GC invocations=0 (full 0):
 garbage-first heap   total 262144K, used 28672K [0x00000000e0000000, 0x0000000100000000)
  region size 1024K, 23 young (23552K), 0 survivors (0K)
 Metaspace       used 9853K, committed 10048K, reserved 229376K
  class space    used 991K, committed 1088K, reserved 212992K
}
Event: 0.252 GC heap after
{Heap after GC invocations=1 (full 0):
 garbage-first heap   total 262144K, used 9168K [0x00000000e0000000, 0x0000000100000000)
  region size 1024K, 3 young (3072K), 3 survivors (3072K)
 Metaspace       used 9853K, committed 10048K, reserved 229376K
  class space    used 991K, committed 1088K, reserved 212992K
}
Event: 0.363 GC heap before
{Heap before GC invocations=1 (full 0):
 garbage-first heap   total 262144K, used 39888K [0x00000000e0000000, 0x0000000100000000)
  region size 1024K, 32 young (32768K), 3 survivors (3072K)
 Metaspace       used 11206K, committed 11456K, reserved 229376K
  class space    used 1191K, committed 1344K, reserved 212992K
}
Event: 0.368 GC heap after
{Heap after GC invocations=2 (full 0):
 garbage-first heap   total 262144K, used 13661K [0x00000000e0000000, 0x0000000100000000)
  region size 1024K, 4 young (4096K), 4 survivors (4096K)
 Metaspace       used 11206K, committed 11456K, reserved 229376K
  class space    used 1191K, committed 1344K, reserved 212992K
}
Event: 0.701 GC heap before
{Heap before GC invocations=2 (full 0):
 garbage-first heap   total 262144K, used 50525K [0x00000000e0000000, 0x0000000100000000)
  region size 1024K, 41 young (41984K), 4 survivors (4096K)
 Metaspace       used 21291K, committed 21504K, reserved 237568K
  class space    used 2574K, committed 2688K, reserved 212992K
}
Event: 0.707 GC heap after
{Heap after GC invocations=3 (full 0):
 garbage-first heap   total 262144K, used 17421K [0x00000000e0000000, 0x0000000100000000)
  region size 1024K, 8 young (8192K), 8 survivors (8192K)
 Metaspace       used 21291K, committed 21504K, reserved 237568K
  class space    used 2574K, committed 2688K, reserved 212992K
}
Event: 1.402 GC heap before
{Heap before GC invocations=4 (full 0):
 garbage-first heap   total 262144K, used 129037K [0x00000000e0000000, 0x0000000100000000)
  region size 1024K, 104 young (106496K), 8 survivors (8192K)
 Metaspace       used 35757K, committed 36096K, reserved 245760K
  class space    used 4758K, committed 4928K, reserved 212992K
}
Event: 1.409 GC heap after
{Heap after GC invocations=5 (full 0):
 garbage-first heap   total 262144K, used 41204K [0x00000000e0000000, 0x0000000100000000)
  region size 1024K, 16 young (16384K), 16 survivors (16384K)
 Metaspace       used 35757K, committed 36096K, reserved 245760K
  class space    used 4758K, committed 4928K, reserved 212992K
}
Event: 2.260 GC heap before
{Heap before GC invocations=6 (full 0):
 garbage-first heap   total 262144K, used 212212K [0x00000000e0000000, 0x0000000100000000)
  region size 1024K, 153 young (156672K), 16 survivors (16384K)
 Metaspace       used 51668K, committed 52096K, reserved 262144K
  class space    used 6813K, committed 7040K, reserved 212992K
}
Event: 2.272 GC heap after
{Heap after GC invocations=7 (full 0):
 garbage-first heap   total 262144K, used 81570K [0x00000000e0000000, 0x0000000100000000)
  region size 1024K, 20 young (20480K), 20 survivors (20480K)
 Metaspace       used 51668K, committed 52096K, reserved 262144K
  class space    used 6813K, committed 7040K, reserved 212992K
}
Event: 2.836 GC heap before
{Heap before GC invocations=7 (full 0):
 garbage-first heap   total 262144K, used 160418K [0x00000000e0000000, 0x0000000100000000)
  region size 1024K, 98 young (100352K), 20 survivors (20480K)
 Metaspace       used 59686K, committed 60288K, reserved 270336K
  class space    used 7982K, committed 8256K, reserved 212992K
}
Event: 2.847 GC heap after
{Heap after GC invocations=8 (full 0):
 garbage-first heap   total 262144K, used 88837K [0x00000000e0000000, 0x0000000100000000)
  region size 1024K, 7 young (7168K), 7 survivors (7168K)
 Metaspace       used 59686K, committed 60288K, reserved 270336K
  class space    used 7982K, committed 8256K, reserved 212992K
}
Event: 3.766 GC heap before
{Heap before GC invocations=9 (full 0):
 garbage-first heap   total 262144K, used 234245K [0x00000000e0000000, 0x0000000100000000)
  region size 1024K, 112 young (114688K), 7 survivors (7168K)
 Metaspace       used 72495K, committed 73088K, reserved 278528K
  class space    used 9542K, committed 9856K, reserved 212992K
}
Event: 3.772 GC heap after
{Heap after GC invocations=10 (full 0):
 garbage-first heap   total 262144K, used 141733K [0x00000000e0000000, 0x0000000100000000)
  region size 1024K, 15 young (15360K), 15 survivors (15360K)
 Metaspace       used 72495K, committed 73088K, reserved 278528K
  class space    used 9542K, committed 9856K, reserved 212992K
}
Event: 3.775 GC heap before
{Heap before GC invocations=10 (full 0):
 garbage-first heap   total 262144K, used 142757K [0x00000000e0000000, 0x0000000100000000)
  region size 1024K, 16 young (16384K), 15 survivors (15360K)
 Metaspace       used 72504K, committed 73152K, reserved 278528K
  class space    used 9542K, committed 9856K, reserved 212992K
}
Event: 3.779 GC heap after
{Heap after GC invocations=11 (full 0):
 garbage-first heap   total 262144K, used 142268K [0x00000000e0000000, 0x0000000100000000)
  region size 1024K, 1 young (1024K), 1 survivors (1024K)
 Metaspace       used 72504K, committed 73152K, reserved 278528K
  class space    used 9542K, committed 9856K, reserved 212992K
}
Event: 4.289 GC heap before
{Heap before GC invocations=11 (full 0):
 garbage-first heap   total 262144K, used 212924K [0x00000000e0000000, 0x0000000100000000)
  region size 1024K, 70 young (71680K), 1 survivors (1024K)
 Metaspace       used 74545K, committed 75136K, reserved 278528K
  class space    used 9734K, committed 10048K, reserved 212992K
}
Event: 4.292 GC heap after
{Heap after GC invocations=12 (full 0):
 garbage-first heap   total 262144K, used 146237K [0x00000000e0000000, 0x0000000100000000)
  region size 1024K, 5 young (5120K), 5 survivors (5120K)
 Metaspace       used 74545K, committed 75136K, reserved 278528K
  class space    used 9734K, committed 10048K, reserved 212992K
}

